<?xml version="1.0" encoding="UTF-8"?>
<testsuite name="com.kafkasl.phonewhisper.OverlayServiceImageBatchRobolectricTest" tests="1" skipped="0" failures="0" errors="0" timestamp="2026-09-24T11:00:47" hostname="MacBook-Pro-de-Ullie.local" time="3.638">
  <properties/>
  <testcase name="messageBatchReservesOriginalCaretAndMoveSurvivesDraftReconstruction" classname="com.kafkasl.phonewhisper.OverlayServiceImageBatchRobolectricTest" time="3.638"/>
  <system-out><![CDATA[]]></system-out>
  <system-err><![CDATA[]]></system-err>
</testsuite>
