<?xml version="1.0" encoding="UTF-8"?>
<testsuite name="com.kafkasl.phonewhisper.DictationDraftStoreRobolectricTest" tests="4" skipped="0" failures="0" errors="0" timestamp="2026-09-24T11:00:44" hostname="MacBook-Pro-de-Ullie.local" time="1.917">
  <properties/>
  <testcase name="idempotentBatchRetryAcceptsImagesAfterNoteReconstructionChangesGroupIdentity" classname="com.kafkasl.phonewhisper.DictationDraftStoreRobolectricTest" time="1.819"/>
  <testcase name="aBatchReplacementIsAllOrNothingAndIdempotentByStableImageIds" classname="com.kafkasl.phonewhisper.DictationDraftStoreRobolectricTest" time="0.048"/>
  <testcase name="oldInvisibleMetadataDoesNotConsumeCapacity" classname="com.kafkasl.phonewhisper.DictationDraftStoreRobolectricTest" time="0.015"/>
  <testcase name="deletingAVisibleBlockFreesOneOfTenImageSlotsForANewBatch" classname="com.kafkasl.phonewhisper.DictationDraftStoreRobolectricTest" time="0.033"/>
  <system-out><![CDATA[]]></system-out>
  <system-err><![CDATA[]]></system-err>
</testsuite>
