<?xml version="1.0" encoding="UTF-8"?>
<testsuite name="com.kafkasl.phonewhisper.ScreenshotBatchBarRobolectricTest" tests="2" skipped="0" failures="0" errors="0" timestamp="2026-09-24T11:00:51" hostname="MacBook-Pro-de-Ullie.local" time="0.107">
  <properties/>
  <testcase name="barShowsEachCaptureCanRemoveItAndRendersACompactNativePreview" classname="com.kafkasl.phonewhisper.ScreenshotBatchBarRobolectricTest" time="0.082"/>
  <testcase name="acceptedBatchOffersDeliveryRetryAndHidesValidationAndCancel" classname="com.kafkasl.phonewhisper.ScreenshotBatchBarRobolectricTest" time="0.025"/>
  <system-out><![CDATA[]]></system-out>
  <system-err><![CDATA[]]></system-err>
</testsuite>
