<?xml version="1.0" encoding="UTF-8"?>
<testsuite name="com.kafkasl.phonewhisper.OverlayStoredMediaRobolectricTest" tests="2" skipped="0" failures="0" errors="0" timestamp="2026-09-24T11:00:50" hostname="MacBook-Pro-de-Ullie.local" time="0.22">
  <properties/>
  <testcase name="deletingNativeImageBlockRemovesItsReferencesAndImagesFromTheNoteAndStrip" classname="com.kafkasl.phonewhisper.OverlayStoredMediaRobolectricTest" time="0.115"/>
  <testcase name="historicalNoteOpensAsNativeBlockAndKeepsImagesThroughEditSaveAndReopen" classname="com.kafkasl.phonewhisper.OverlayStoredMediaRobolectricTest" time="0.105"/>
  <system-out><![CDATA[]]></system-out>
  <system-err><![CDATA[]]></system-err>
</testsuite>
