<?xml version="1.0" encoding="UTF-8"?>
<testsuite name="com.kafkasl.phonewhisper.TranscriptImageBlockRendererRobolectricTest" tests="3" skipped="0" failures="0" errors="0" timestamp="2026-09-24T11:00:51" hostname="MacBook-Pro-de-Ullie.local" time="0.064">
  <properties/>
  <testcase name="groupedBlockRendersAsACompactNativeInlinePreview" classname="com.kafkasl.phonewhisper.TranscriptImageBlockRendererRobolectricTest" time="0.026"/>
  <testcase name="spanCacheRefreshesWhenGroupedImagesChangeAndAsrAppendPreservesOtherSpans" classname="com.kafkasl.phonewhisper.TranscriptImageBlockRendererRobolectricTest" time="0.023"/>
  <testcase name="groupedImagesRoundTripThroughNeighborEditsAndDeletingObjectRemovesBlock" classname="com.kafkasl.phonewhisper.TranscriptImageBlockRendererRobolectricTest" time="0.015"/>
  <system-out><![CDATA[]]></system-out>
  <system-err><![CDATA[]]></system-err>
</testsuite>
